Release 14.7 - xst P.20131013 (nt64)
Copyright (c) 1995-2013 Xilinx, Inc.  All rights reserved.
--> Parameter TMPDIR set to xst/projnav.tmp


Total REAL time to Xst completion: 0.00 secs
Total CPU time to Xst completion: 0.09 secs
 
--> Parameter xsthdpdir set to xst


Total REAL time to Xst completion: 0.00 secs
Total CPU time to Xst completion: 0.09 secs
 
--> Reading design: Z2.prj

TABLE OF CONTENTS
  1) Synthesis Options Summary
  2) HDL Compilation
  3) Design Hierarchy Analysis
  4) HDL Analysis
  5) HDL Synthesis
     5.1) HDL Synthesis Report
  6) Advanced HDL Synthesis
     6.1) Advanced HDL Synthesis Report
  7) Low Level Synthesis
  8) Partition Report
  9) Final Report

=========================================================================
*                      Synthesis Options Summary                        *
=========================================================================
---- Source Parameters
Input File Name                    : "Z2.prj"
Input Format                       : mixed
Ignore Synthesis Constraint File   : NO

---- Target Parameters
Output File Name                   : "Z2"
Output Format                      : NGC
Target Device                      : XC9500XL CPLDs

---- Source Options
Top Module Name                    : Z2
Automatic FSM Extraction           : YES
FSM Encoding Algorithm             : Auto
Safe Implementation                : No
Mux Extraction                     : Yes
Resource Sharing                   : YES

---- Target Options
Add IO Buffers                     : YES
MACRO Preserve                     : YES
XOR Preserve                       : YES
Equivalent register Removal        : YES

---- General Options
Optimization Goal                  : Speed
Optimization Effort                : 1
Keep Hierarchy                     : Yes
Netlist Hierarchy                  : As_Optimized
RTL Output                         : Yes
Hierarchy Separator                : /
Bus Delimiter                      : <>
Case Specifier                     : Maintain
Verilog 2001                       : YES

---- Other Options
Clock Enable                       : YES
wysiwyg                            : NO

=========================================================================


=========================================================================
*                          HDL Compilation                              *
=========================================================================
WARNING:HDLParsers:3607 - Unit work/Z2 is now defined in a different file.  It was defined in "C:/.Xilinx/lab1/Z2.vhf", and is now defined in "C:/Users/alfag/OneDrive/Pulpit/Projekty/UCISW/LAB 1/Z2.vhf".
WARNING:HDLParsers:3607 - Unit work/Z2/BEHAVIORAL is now defined in a different file.  It was defined in "C:/.Xilinx/lab1/Z2.vhf", and is now defined in "C:/Users/alfag/OneDrive/Pulpit/Projekty/UCISW/LAB 1/Z2.vhf".
Compiling vhdl file "C:/Users/alfag/OneDrive/Pulpit/Projekty/UCISW/LAB 1/Z2.vhf" in Library work.
Entity <z2> compiled.
Entity <z2> (Architecture <behavioral>) compiled.

=========================================================================
*                     Design Hierarchy Analysis                         *
=========================================================================
Analyzing hierarchy for entity <Z2> in library <work> (architecture <behavioral>).


=========================================================================
*                            HDL Analysis                               *
=========================================================================
Analyzing Entity <Z2> in library <work> (Architecture <behavioral>).
WARNING:Xst:2211 - "C:/Users/alfag/OneDrive/Pulpit/Projekty/UCISW/LAB 1/Z2.vhf" line 46: Instantiating black box module <Z1Mod>.
WARNING:Xst:2211 - "C:/Users/alfag/OneDrive/Pulpit/Projekty/UCISW/LAB 1/Z2.vhf" line 50: Instantiating black box module <HexTo7Seg>.
Entity <Z2> analyzed. Unit <Z2> generated.


=========================================================================
*                           HDL Synthesis                               *
=========================================================================

Performing bidirectional port resolution...

Synthesizing Unit <Z2>.
    Related source file is "C:/Users/alfag/OneDrive/Pulpit/Projekty/UCISW/LAB 1/Z2.vhf".
Unit <Z2> synthesized.


=========================================================================
HDL Synthesis Report

Found no macro
=========================================================================

=========================================================================
*                       Advanced HDL Synthesis                          *
=========================================================================


=========================================================================
Advanced HDL Synthesis Report

Found no macro
=========================================================================

=========================================================================
*                         Low Level Synthesis                           *
=========================================================================

Optimizing unit <Z2> ...
WARNING:Xst:2036 - Inserting OBUF on port <XLXN_2<6>> driven by black box <HexTo7Seg>. Possible simulation mismatch.
WARNING:Xst:2036 - Inserting OBUF on port <XLXN_2<5>> driven by black box <HexTo7Seg>. Possible simulation mismatch.
WARNING:Xst:2036 - Inserting OBUF on port <XLXN_2<4>> driven by black box <HexTo7Seg>. Possible simulation mismatch.
WARNING:Xst:2036 - Inserting OBUF on port <XLXN_2<3>> driven by black box <HexTo7Seg>. Possible simulation mismatch.
WARNING:Xst:2036 - Inserting OBUF on port <XLXN_2<2>> driven by black box <HexTo7Seg>. Possible simulation mismatch.
WARNING:Xst:2036 - Inserting OBUF on port <XLXN_2<1>> driven by black box <HexTo7Seg>. Possible simulation mismatch.
WARNING:Xst:2036 - Inserting OBUF on port <XLXN_2<0>> driven by black box <HexTo7Seg>. Possible simulation mismatch.

=========================================================================
*                           Partition Report                            *
=========================================================================

Partition Implementation Status
-------------------------------

  No Partitions were found in this design.

-------------------------------

=========================================================================
*                            Final Report                               *
=========================================================================
Final Results
RTL Top Level Output File Name     : Z2.ngr
Top Level Output File Name         : Z2
Output Format                      : NGC
Optimization Goal                  : Speed
Keep Hierarchy                     : Yes
Target Technology                  : XC9500XL CPLDs
Macro Preserve                     : YES
XOR Preserve                       : YES
Clock Enable                       : YES
wysiwyg                            : NO

Design Statistics
# IOs                              : 11

Cell Usage :
# IO Buffers                       : 11
#      IBUF                        : 4
#      OBUF                        : 7
# Others                           : 2
#      HexTo7Seg                   : 1
#      Z1Mod                       : 1
=========================================================================


Total REAL time to Xst completion: 2.00 secs
Total CPU time to Xst completion: 2.33 secs
 
--> 

Total memory usage is 4499404 kilobytes

Number of errors   :    0 (   0 filtered)
Number of warnings :   11 (   0 filtered)
Number of infos    :    0 (   0 filtered)

