Command line:
   Z1_Z1_sch_tb_isim_fit.exe
     -simmode  gui
     -sdfmax  /UUT/=netgen/fit/Z1_timesim.sdf
     -sdfroot  /UUT
     -simrunnum  0
     -socket  60757

Fri Oct 27 21:06:01 2023


 Elaboration Time: 0.03125 sec

 Current Memory Usage: 5151.33 Meg

 Total Signals          : 303
 Total Nets             : 180
 Total Signal Drivers   : 128
 Total Blocks           : 124
 Total Primitive Blocks : 66
 Total Processes        : 128
 Total Traceable Variables  : 436
 Total Scalar Nets and Variables : 5612
Total Line Count : 660

 Total Simulation Time: 0.03125 sec

 Current Memory Usage: 4994.04 Meg

Fri Oct 27 21:07:10 2023

