Command line:
   Z1_Z1_sch_tb_isim_beh.exe
     -simmode  gui
     -simrunnum  0
     -socket  60770

Fri Oct 27 21:07:25 2023


 Elaboration Time: 0.015625 sec

 Current Memory Usage: 5150.42 Meg

 Total Signals          : 51
 Total Nets             : 36
 Total Signal Drivers   : 8
 Total Blocks           : 12
 Total Primitive Blocks : 10
 Total Processes        : 8
 Total Traceable Variables  : 13
 Total Scalar Nets and Variables : 519
Total Line Count : 8

 Total Simulation Time: 0.046875 sec

 Current Memory Usage: 5464.99 Meg

Fri Oct 27 21:07:59 2023

